{"/Users/anna.yakimchuk/Projects/rayoalmar/src/App.tsx": {"path":"/Users/anna.yakimchuk/Projects/rayoalmar/src/App.tsx","all":false,"statementMap":{"0":{"start":{"line":1,"column":0},"end":{"line":1,"column":52}},"1":{"start":{"line":2,"column":0},"end":{"line":2,"column":71}},"2":{"start":{"line":3,"column":0},"end":{"line":3,"column":50}},"3":{"start":{"line":4,"column":0},"end":{"line":4,"column":56}},"4":{"start":{"line":5,"column":0},"end":{"line":5,"column":53}},"5":{"start":{"line":6,"column":0},"end":{"line":6,"column":60}},"6":{"start":{"line":7,"column":0},"end":{"line":7,"column":19}},"8":{"start":{"line":9,"column":0},"end":{"line":9,"column":16}},"9":{"start":{"line":10,"column":0},"end":{"line":10,"column":42}},"10":{"start":{"line":11,"column":0},"end":{"line":11,"column":21}},"11":{"start":{"line":12,"column":0},"end":{"line":12,"column":13}},"12":{"start":{"line":13,"column":0},"end":{"line":13,"column":15}},"13":{"start":{"line":14,"column":0},"end":{"line":14,"column":15}},"14":{"start":{"line":15,"column":0},"end":{"line":15,"column":5}},"16":{"start":{"line":17,"column":0},"end":{"line":17,"column":10}},"17":{"start":{"line":18,"column":0},"end":{"line":18,"column":6}},"18":{"start":{"line":19,"column":0},"end":{"line":19,"column":52}},"20":{"start":{"line":21,"column":0},"end":{"line":21,"column":10}},"21":{"start":{"line":22,"column":0},"end":{"line":22,"column":46}},"22":{"start":{"line":23,"column":0},"end":{"line":23,"column":46}},"23":{"start":{"line":24,"column":0},"end":{"line":24,"column":25}},"24":{"start":{"line":25,"column":0},"end":{"line":25,"column":18}},"25":{"start":{"line":26,"column":0},"end":{"line":26,"column":20}},"26":{"start":{"line":27,"column":0},"end":{"line":27,"column":19}},"27":{"start":{"line":28,"column":0},"end":{"line":28,"column":13}},"28":{"start":{"line":29,"column":0},"end":{"line":29,"column":7}},"30":{"start":{"line":31,"column":0},"end":{"line":31,"column":1}},"32":{"start":{"line":33,"column":0},"end":{"line":33,"column":19}}},"s":{"0":1,"1":1,"2":1,"3":1,"4":1,"5":1,"6":1,"8":9,"9":9,"10":9,"11":9,"12":9,"13":9,"14":9,"16":9,"17":9,"18":9,"20":9,"21":9,"22":9,"23":9,"24":9,"25":9,"26":9,"27":9,"28":9,"30":9,"32":1},"branchMap":{"0":{"type":"branch","line":9,"loc":{"start":{"line":9,"column":0},"end":{"line":31,"column":1}},"locations":[{"start":{"line":9,"column":0},"end":{"line":31,"column":1}}]}},"b":{"0":[9]},"fnMap":{"0":{"name":"App","decl":{"start":{"line":9,"column":0},"end":{"line":31,"column":1}},"loc":{"start":{"line":9,"column":0},"end":{"line":31,"column":1}},"line":9}},"f":{"0":9}}
,"/Users/anna.yakimchuk/Projects/rayoalmar/src/components/Grid/Grid.tsx": {"path":"/Users/anna.yakimchuk/Projects/rayoalmar/src/components/Grid/Grid.tsx","all":false,"statementMap":{"0":{"start":{"line":1,"column":0},"end":{"line":1,"column":33}},"17":{"start":{"line":18,"column":0},"end":{"line":18,"column":72}},"18":{"start":{"line":19,"column":0},"end":{"line":19,"column":65}},"20":{"start":{"line":21,"column":0},"end":{"line":21,"column":10}},"21":{"start":{"line":22,"column":0},"end":{"line":22,"column":8}},"22":{"start":{"line":23,"column":0},"end":{"line":23,"column":15}},"23":{"start":{"line":24,"column":0},"end":{"line":24,"column":81}},"24":{"start":{"line":25,"column":0},"end":{"line":25,"column":52}},"26":{"start":{"line":27,"column":0},"end":{"line":27,"column":16}},"27":{"start":{"line":28,"column":0},"end":{"line":28,"column":10}},"29":{"start":{"line":30,"column":0},"end":{"line":30,"column":2}},"31":{"start":{"line":32,"column":0},"end":{"line":32,"column":56}},"32":{"start":{"line":33,"column":0},"end":{"line":33,"column":42}},"33":{"start":{"line":34,"column":0},"end":{"line":34,"column":75}},"34":{"start":{"line":35,"column":0},"end":{"line":35,"column":73}},"36":{"start":{"line":37,"column":0},"end":{"line":37,"column":52}},"37":{"start":{"line":38,"column":0},"end":{"line":38,"column":61}},"38":{"start":{"line":39,"column":0},"end":{"line":39,"column":4}},"40":{"start":{"line":41,"column":0},"end":{"line":41,"column":53}},"41":{"start":{"line":42,"column":0},"end":{"line":42,"column":60}},"42":{"start":{"line":43,"column":0},"end":{"line":43,"column":98}},"43":{"start":{"line":44,"column":0},"end":{"line":44,"column":58}},"44":{"start":{"line":45,"column":0},"end":{"line":45,"column":4}},"46":{"start":{"line":47,"column":0},"end":{"line":47,"column":10}},"47":{"start":{"line":48,"column":0},"end":{"line":48,"column":80}},"48":{"start":{"line":49,"column":0},"end":{"line":49,"column":34}},"50":{"start":{"line":51,"column":0},"end":{"line":51,"column":102}},"51":{"start":{"line":52,"column":0},"end":{"line":52,"column":132}},"53":{"start":{"line":54,"column":0},"end":{"line":54,"column":16}},"54":{"start":{"line":55,"column":0},"end":{"line":55,"column":55}},"55":{"start":{"line":56,"column":0},"end":{"line":56,"column":61}},"56":{"start":{"line":57,"column":0},"end":{"line":57,"column":49}},"57":{"start":{"line":58,"column":0},"end":{"line":58,"column":71}},"58":{"start":{"line":59,"column":0},"end":{"line":59,"column":52}},"59":{"start":{"line":60,"column":0},"end":{"line":60,"column":20}},"60":{"start":{"line":61,"column":0},"end":{"line":61,"column":37}},"61":{"start":{"line":62,"column":0},"end":{"line":62,"column":39}},"62":{"start":{"line":63,"column":0},"end":{"line":63,"column":42}},"63":{"start":{"line":64,"column":0},"end":{"line":64,"column":32}},"64":{"start":{"line":65,"column":0},"end":{"line":65,"column":57}},"65":{"start":{"line":66,"column":0},"end":{"line":66,"column":59}},"66":{"start":{"line":67,"column":0},"end":{"line":67,"column":26}},"67":{"start":{"line":68,"column":0},"end":{"line":68,"column":71}},"68":{"start":{"line":69,"column":0},"end":{"line":69,"column":89}},"69":{"start":{"line":70,"column":0},"end":{"line":70,"column":20}},"70":{"start":{"line":71,"column":0},"end":{"line":71,"column":18}},"72":{"start":{"line":73,"column":0},"end":{"line":73,"column":123}},"73":{"start":{"line":74,"column":0},"end":{"line":74,"column":125}},"74":{"start":{"line":75,"column":0},"end":{"line":75,"column":77}},"75":{"start":{"line":76,"column":0},"end":{"line":76,"column":56}},"76":{"start":{"line":77,"column":0},"end":{"line":77,"column":58}},"77":{"start":{"line":78,"column":0},"end":{"line":78,"column":24}},"78":{"start":{"line":79,"column":0},"end":{"line":79,"column":77}},"79":{"start":{"line":80,"column":0},"end":{"line":80,"column":22}},"81":{"start":{"line":82,"column":0},"end":{"line":82,"column":18}},"82":{"start":{"line":83,"column":0},"end":{"line":83,"column":84}},"83":{"start":{"line":84,"column":0},"end":{"line":84,"column":39}},"84":{"start":{"line":85,"column":0},"end":{"line":85,"column":75}},"86":{"start":{"line":87,"column":0},"end":{"line":87,"column":75}},"87":{"start":{"line":88,"column":0},"end":{"line":88,"column":18}},"88":{"start":{"line":89,"column":0},"end":{"line":89,"column":28}},"90":{"start":{"line":91,"column":0},"end":{"line":91,"column":9}},"91":{"start":{"line":92,"column":0},"end":{"line":92,"column":10}},"93":{"start":{"line":94,"column":0},"end":{"line":94,"column":2}}},"s":{"0":1,"17":1,"18":207,"20":207,"21":207,"22":207,"23":207,"24":207,"26":207,"27":207,"29":207,"31":1,"32":55,"33":55,"34":55,"36":55,"37":3,"38":3,"40":55,"41":0,"42":0,"43":0,"44":0,"46":55,"47":55,"48":55,"50":204,"51":204,"53":204,"54":204,"55":204,"56":204,"57":204,"58":204,"59":204,"60":204,"61":204,"62":204,"63":204,"64":204,"65":204,"66":204,"67":204,"68":204,"69":204,"70":204,"72":0,"73":0,"74":0,"75":0,"76":0,"77":0,"78":0,"79":0,"81":204,"82":204,"83":204,"84":204,"86":204,"87":204,"88":204,"90":55,"91":55,"93":55},"branchMap":{"0":{"type":"branch","line":18,"loc":{"start":{"line":18,"column":24},"end":{"line":30,"column":2}},"locations":[{"start":{"line":18,"column":24},"end":{"line":30,"column":2}}]},"1":{"type":"branch","line":24,"loc":{"start":{"line":24,"column":46},"end":{"line":24,"column":76}},"locations":[{"start":{"line":24,"column":46},"end":{"line":24,"column":76}}]},"2":{"type":"branch","line":24,"loc":{"start":{"line":24,"column":65},"end":{"line":24,"column":78}},"locations":[{"start":{"line":24,"column":65},"end":{"line":24,"column":78}}]},"3":{"type":"branch","line":32,"loc":{"start":{"line":32,"column":20},"end":{"line":94,"column":2}},"locations":[{"start":{"line":32,"column":20},"end":{"line":94,"column":2}}]},"4":{"type":"branch","line":37,"loc":{"start":{"line":37,"column":26},"end":{"line":39,"column":4}},"locations":[{"start":{"line":37,"column":26},"end":{"line":39,"column":4}}]},"5":{"type":"branch","line":38,"loc":{"start":{"line":38,"column":20},"end":{"line":38,"column":59}},"locations":[{"start":{"line":38,"column":20},"end":{"line":38,"column":59}}]},"6":{"type":"branch","line":49,"loc":{"start":{"line":49,"column":16},"end":{"line":91,"column":7}},"locations":[{"start":{"line":49,"column":16},"end":{"line":91,"column":7}}]},"7":{"type":"branch","line":51,"loc":{"start":{"line":51,"column":87},"end":{"line":51,"column":102}},"locations":[{"start":{"line":51,"column":87},"end":{"line":51,"column":102}}]},"8":{"type":"branch","line":52,"loc":{"start":{"line":52,"column":94},"end":{"line":52,"column":111}},"locations":[{"start":{"line":52,"column":94},"end":{"line":52,"column":111}}]},"9":{"type":"branch","line":52,"loc":{"start":{"line":52,"column":111},"end":{"line":52,"column":132}},"locations":[{"start":{"line":52,"column":111},"end":{"line":52,"column":132}}]},"10":{"type":"branch","line":58,"loc":{"start":{"line":58,"column":48},"end":{"line":58,"column":71}},"locations":[{"start":{"line":58,"column":48},"end":{"line":58,"column":71}}]},"11":{"type":"branch","line":68,"loc":{"start":{"line":68,"column":61},"end":{"line":68,"column":69}},"locations":[{"start":{"line":68,"column":61},"end":{"line":68,"column":69}}]},"12":{"type":"branch","line":68,"loc":{"start":{"line":68,"column":65},"end":{"line":68,"column":71}},"locations":[{"start":{"line":68,"column":65},"end":{"line":68,"column":71}}]},"13":{"type":"branch","line":69,"loc":{"start":{"line":69,"column":64},"end":{"line":69,"column":80}},"locations":[{"start":{"line":69,"column":64},"end":{"line":69,"column":80}}]},"14":{"type":"branch","line":69,"loc":{"start":{"line":69,"column":68},"end":{"line":69,"column":89}},"locations":[{"start":{"line":69,"column":68},"end":{"line":69,"column":89}}]},"15":{"type":"branch","line":71,"loc":{"start":{"line":71,"column":16},"end":{"line":80,"column":22}},"locations":[{"start":{"line":71,"column":16},"end":{"line":80,"column":22}}]},"16":{"type":"branch","line":65,"loc":{"start":{"line":65,"column":26},"end":{"line":65,"column":57}},"locations":[{"start":{"line":65,"column":26},"end":{"line":65,"column":57}}]}},"b":{"0":[207],"1":[3],"2":[204],"3":[55],"4":[3],"5":[3],"6":[204],"7":[0],"8":[0],"9":[0],"10":[198],"11":[6],"12":[198],"13":[6],"14":[198],"15":[0],"16":[3]},"fnMap":{"0":{"name":"GridItemWrapper","decl":{"start":{"line":18,"column":24},"end":{"line":30,"column":2}},"loc":{"start":{"line":18,"column":24},"end":{"line":30,"column":2}},"line":18},"1":{"name":"Grid","decl":{"start":{"line":32,"column":20},"end":{"line":94,"column":2}},"loc":{"start":{"line":32,"column":20},"end":{"line":94,"column":2}},"line":32},"2":{"name":"handleImageLoad","decl":{"start":{"line":37,"column":26},"end":{"line":39,"column":4}},"loc":{"start":{"line":37,"column":26},"end":{"line":39,"column":4}},"line":37},"3":{"name":"handleImageError","decl":{"start":{"line":41,"column":27},"end":{"line":45,"column":4}},"loc":{"start":{"line":41,"column":27},"end":{"line":45,"column":4}},"line":41},"4":{"name":"onLoad","decl":{"start":{"line":65,"column":26},"end":{"line":65,"column":57}},"loc":{"start":{"line":65,"column":26},"end":{"line":65,"column":57}},"line":65},"5":{"name":"onError","decl":{"start":{"line":66,"column":27},"end":{"line":66,"column":59}},"loc":{"start":{"line":66,"column":27},"end":{"line":66,"column":59}},"line":66}},"f":{"0":207,"1":55,"2":3,"3":0,"4":3,"5":0}}
,"/Users/anna.yakimchuk/Projects/rayoalmar/src/components/Header/Header.tsx": {"path":"/Users/anna.yakimchuk/Projects/rayoalmar/src/components/Header/Header.tsx","all":false,"statementMap":{"0":{"start":{"line":1,"column":0},"end":{"line":1,"column":47}},"8":{"start":{"line":9,"column":0},"end":{"line":9,"column":59}},"9":{"start":{"line":10,"column":0},"end":{"line":10,"column":45}},"11":{"start":{"line":12,"column":0},"end":{"line":12,"column":26}},"12":{"start":{"line":13,"column":0},"end":{"line":13,"column":43}},"13":{"start":{"line":14,"column":0},"end":{"line":14,"column":21}},"14":{"start":{"line":15,"column":0},"end":{"line":15,"column":8}},"15":{"start":{"line":16,"column":0},"end":{"line":16,"column":23}},"16":{"start":{"line":17,"column":0},"end":{"line":17,"column":55}},"17":{"start":{"line":18,"column":0},"end":{"line":18,"column":18}},"18":{"start":{"line":19,"column":0},"end":{"line":19,"column":30}},"19":{"start":{"line":20,"column":0},"end":{"line":20,"column":66}},"20":{"start":{"line":21,"column":0},"end":{"line":21,"column":28}},"21":{"start":{"line":22,"column":0},"end":{"line":22,"column":60}},"23":{"start":{"line":24,"column":0},"end":{"line":24,"column":23}},"24":{"start":{"line":25,"column":0},"end":{"line":25,"column":28}},"25":{"start":{"line":26,"column":0},"end":{"line":26,"column":27}},"26":{"start":{"line":27,"column":0},"end":{"line":27,"column":9}},"27":{"start":{"line":28,"column":0},"end":{"line":28,"column":5}},"28":{"start":{"line":29,"column":0},"end":{"line":29,"column":4}},"30":{"start":{"line":31,"column":0},"end":{"line":31,"column":10}},"31":{"start":{"line":32,"column":0},"end":{"line":32,"column":38}},"32":{"start":{"line":33,"column":0},"end":{"line":33,"column":40}},"33":{"start":{"line":34,"column":0},"end":{"line":34,"column":54}},"34":{"start":{"line":35,"column":0},"end":{"line":35,"column":36}},"35":{"start":{"line":36,"column":0},"end":{"line":36,"column":41}},"36":{"start":{"line":37,"column":0},"end":{"line":37,"column":16}},"37":{"start":{"line":38,"column":0},"end":{"line":38,"column":16}},"38":{"start":{"line":39,"column":0},"end":{"line":39,"column":38}},"39":{"start":{"line":40,"column":0},"end":{"line":40,"column":68}},"40":{"start":{"line":41,"column":0},"end":{"line":41,"column":27}},"41":{"start":{"line":42,"column":0},"end":{"line":42,"column":73}},"44":{"start":{"line":45,"column":0},"end":{"line":45,"column":36}},"45":{"start":{"line":46,"column":0},"end":{"line":46,"column":18}},"46":{"start":{"line":47,"column":0},"end":{"line":47,"column":17}},"47":{"start":{"line":48,"column":0},"end":{"line":48,"column":16}},"48":{"start":{"line":49,"column":0},"end":{"line":49,"column":16}},"49":{"start":{"line":50,"column":0},"end":{"line":50,"column":30}},"50":{"start":{"line":51,"column":0},"end":{"line":51,"column":60}},"51":{"start":{"line":52,"column":0},"end":{"line":52,"column":75}},"53":{"start":{"line":54,"column":0},"end":{"line":54,"column":29}},"54":{"start":{"line":55,"column":0},"end":{"line":55,"column":18}},"55":{"start":{"line":56,"column":0},"end":{"line":56,"column":17}},"56":{"start":{"line":57,"column":0},"end":{"line":57,"column":16}},"57":{"start":{"line":58,"column":0},"end":{"line":58,"column":16}},"58":{"start":{"line":59,"column":0},"end":{"line":59,"column":32}},"59":{"start":{"line":60,"column":0},"end":{"line":60,"column":62}},"60":{"start":{"line":61,"column":0},"end":{"line":61,"column":77}},"62":{"start":{"line":63,"column":0},"end":{"line":63,"column":31}},"63":{"start":{"line":64,"column":0},"end":{"line":64,"column":18}},"64":{"start":{"line":65,"column":0},"end":{"line":65,"column":17}},"65":{"start":{"line":66,"column":0},"end":{"line":66,"column":16}},"66":{"start":{"line":67,"column":0},"end":{"line":67,"column":16}},"67":{"start":{"line":68,"column":0},"end":{"line":68,"column":32}},"68":{"start":{"line":69,"column":0},"end":{"line":69,"column":62}},"69":{"start":{"line":70,"column":0},"end":{"line":70,"column":77}},"71":{"start":{"line":72,"column":0},"end":{"line":72,"column":30}},"72":{"start":{"line":73,"column":0},"end":{"line":73,"column":18}},"73":{"start":{"line":74,"column":0},"end":{"line":74,"column":17}},"74":{"start":{"line":75,"column":0},"end":{"line":75,"column":15}},"75":{"start":{"line":76,"column":0},"end":{"line":76,"column":14}},"76":{"start":{"line":77,"column":0},"end":{"line":77,"column":28}},"77":{"start":{"line":78,"column":0},"end":{"line":78,"column":12}},"78":{"start":{"line":79,"column":0},"end":{"line":79,"column":13}},"80":{"start":{"line":81,"column":0},"end":{"line":81,"column":2}}},"s":{"0":1,"8":1,"9":17,"11":17,"12":3,"13":3,"14":3,"15":3,"16":3,"17":3,"18":3,"19":3,"20":3,"21":3,"23":3,"24":3,"25":3,"26":3,"27":3,"28":3,"30":17,"31":17,"32":17,"33":17,"34":17,"35":17,"36":17,"37":17,"38":17,"39":17,"40":17,"41":17,"44":17,"45":17,"46":17,"47":17,"48":17,"49":17,"50":17,"51":17,"53":17,"54":17,"55":17,"56":17,"57":17,"58":17,"59":17,"60":17,"62":17,"63":17,"64":17,"65":17,"66":17,"67":17,"68":17,"69":17,"71":17,"72":17,"73":17,"74":17,"75":17,"76":17,"77":17,"78":17,"80":17},"branchMap":{"0":{"type":"branch","line":9,"loc":{"start":{"line":9,"column":22},"end":{"line":81,"column":2}},"locations":[{"start":{"line":9,"column":22},"end":{"line":81,"column":2}}]},"1":{"type":"branch","line":42,"loc":{"start":{"line":42,"column":36},"end":{"line":42,"column":71}},"locations":[{"start":{"line":42,"column":36},"end":{"line":42,"column":71}}]},"2":{"type":"branch","line":42,"loc":{"start":{"line":42,"column":62},"end":{"line":42,"column":73}},"locations":[{"start":{"line":42,"column":62},"end":{"line":42,"column":73}}]},"3":{"type":"branch","line":52,"loc":{"start":{"line":52,"column":45},"end":{"line":52,"column":72}},"locations":[{"start":{"line":52,"column":45},"end":{"line":52,"column":72}}]},"4":{"type":"branch","line":52,"loc":{"start":{"line":52,"column":63},"end":{"line":52,"column":75}},"locations":[{"start":{"line":52,"column":63},"end":{"line":52,"column":75}}]},"5":{"type":"branch","line":61,"loc":{"start":{"line":61,"column":45},"end":{"line":61,"column":74}},"locations":[{"start":{"line":61,"column":45},"end":{"line":61,"column":74}}]},"6":{"type":"branch","line":70,"loc":{"start":{"line":70,"column":45},"end":{"line":70,"column":74}},"locations":[{"start":{"line":70,"column":45},"end":{"line":70,"column":74}}]},"7":{"type":"branch","line":12,"loc":{"start":{"line":12,"column":25},"end":{"line":29,"column":4}},"locations":[{"start":{"line":12,"column":25},"end":{"line":29,"column":4}}]},"8":{"type":"branch","line":40,"loc":{"start":{"line":40,"column":25},"end":{"line":40,"column":68}},"locations":[{"start":{"line":40,"column":25},"end":{"line":40,"column":68}}]},"9":{"type":"branch","line":51,"loc":{"start":{"line":51,"column":25},"end":{"line":51,"column":60}},"locations":[{"start":{"line":51,"column":25},"end":{"line":51,"column":60}}]},"10":{"type":"branch","line":60,"loc":{"start":{"line":60,"column":25},"end":{"line":60,"column":62}},"locations":[{"start":{"line":60,"column":25},"end":{"line":60,"column":62}}]}},"b":{"0":[17],"1":[1],"2":[16],"3":[1],"4":[16],"5":[0],"6":[0],"7":[3],"8":[1],"9":[1],"10":[1]},"fnMap":{"0":{"name":"Header","decl":{"start":{"line":9,"column":22},"end":{"line":81,"column":2}},"loc":{"start":{"line":9,"column":22},"end":{"line":81,"column":2}},"line":9},"1":{"name":"handleNavClick","decl":{"start":{"line":12,"column":25},"end":{"line":29,"column":4}},"loc":{"start":{"line":12,"column":25},"end":{"line":29,"column":4}},"line":12},"2":{"name":"onClick","decl":{"start":{"line":40,"column":25},"end":{"line":40,"column":68}},"loc":{"start":{"line":40,"column":25},"end":{"line":40,"column":68}},"line":40},"3":{"name":"onClick","decl":{"start":{"line":51,"column":25},"end":{"line":51,"column":60}},"loc":{"start":{"line":51,"column":25},"end":{"line":51,"column":60}},"line":51},"4":{"name":"onClick","decl":{"start":{"line":60,"column":25},"end":{"line":60,"column":62}},"loc":{"start":{"line":60,"column":25},"end":{"line":60,"column":62}},"line":60},"5":{"name":"onClick","decl":{"start":{"line":69,"column":25},"end":{"line":69,"column":62}},"loc":{"start":{"line":69,"column":25},"end":{"line":69,"column":62}},"line":69}},"f":{"0":17,"1":3,"2":1,"3":1,"4":1,"5":0}}
,"/Users/anna.yakimchuk/Projects/rayoalmar/src/components/LanguageSwitcher/LanguageSwitcher.tsx": {"path":"/Users/anna.yakimchuk/Projects/rayoalmar/src/components/LanguageSwitcher/LanguageSwitcher.tsx","all":false,"statementMap":{"0":{"start":{"line":1,"column":0},"end":{"line":1,"column":47}},"3":{"start":{"line":4,"column":0},"end":{"line":4,"column":39}},"4":{"start":{"line":5,"column":0},"end":{"line":5,"column":36}},"5":{"start":{"line":6,"column":0},"end":{"line":6,"column":40}},"7":{"start":{"line":8,"column":0},"end":{"line":8,"column":43}},"8":{"start":{"line":9,"column":0},"end":{"line":9,"column":29}},"9":{"start":{"line":10,"column":0},"end":{"line":10,"column":4}},"11":{"start":{"line":12,"column":0},"end":{"line":12,"column":10}},"12":{"start":{"line":13,"column":0},"end":{"line":13,"column":89}},"13":{"start":{"line":14,"column":0},"end":{"line":14,"column":13}},"14":{"start":{"line":15,"column":0},"end":{"line":15,"column":44}},"15":{"start":{"line":16,"column":0},"end":{"line":16,"column":95}},"16":{"start":{"line":17,"column":0},"end":{"line":17,"column":66}},"17":{"start":{"line":18,"column":0},"end":{"line":18,"column":38}},"18":{"start":{"line":19,"column":0},"end":{"line":19,"column":7}},"20":{"start":{"line":21,"column":0},"end":{"line":21,"column":15}},"21":{"start":{"line":22,"column":0},"end":{"line":22,"column":68}},"22":{"start":{"line":23,"column":0},"end":{"line":23,"column":13}},"23":{"start":{"line":24,"column":0},"end":{"line":24,"column":44}},"24":{"start":{"line":25,"column":0},"end":{"line":25,"column":95}},"25":{"start":{"line":26,"column":0},"end":{"line":26,"column":66}},"26":{"start":{"line":27,"column":0},"end":{"line":27,"column":38}},"27":{"start":{"line":28,"column":0},"end":{"line":28,"column":7}},"29":{"start":{"line":30,"column":0},"end":{"line":30,"column":15}},"30":{"start":{"line":31,"column":0},"end":{"line":31,"column":10}},"32":{"start":{"line":33,"column":0},"end":{"line":33,"column":2}}},"s":{"0":1,"3":1,"4":30,"5":30,"7":30,"8":4,"9":4,"11":30,"12":30,"13":30,"14":30,"15":30,"16":30,"17":30,"18":30,"20":30,"21":30,"22":30,"23":30,"24":30,"25":30,"26":30,"27":30,"29":30,"30":30,"32":30},"branchMap":{"0":{"type":"branch","line":4,"loc":{"start":{"line":4,"column":32},"end":{"line":33,"column":2}},"locations":[{"start":{"line":4,"column":32},"end":{"line":33,"column":2}}]},"1":{"type":"branch","line":16,"loc":{"start":{"line":16,"column":67},"end":{"line":16,"column":90}},"locations":[{"start":{"line":16,"column":67},"end":{"line":16,"column":90}}]},"2":{"type":"branch","line":16,"loc":{"start":{"line":16,"column":81},"end":{"line":16,"column":92}},"locations":[{"start":{"line":16,"column":81},"end":{"line":16,"column":92}}]},"3":{"type":"branch","line":17,"loc":{"start":{"line":17,"column":42},"end":{"line":17,"column":58}},"locations":[{"start":{"line":17,"column":42},"end":{"line":17,"column":58}}]},"4":{"type":"branch","line":17,"loc":{"start":{"line":17,"column":49},"end":{"line":17,"column":66}},"locations":[{"start":{"line":17,"column":49},"end":{"line":17,"column":66}}]},"5":{"type":"branch","line":25,"loc":{"start":{"line":25,"column":67},"end":{"line":25,"column":90}},"locations":[{"start":{"line":25,"column":67},"end":{"line":25,"column":90}}]},"6":{"type":"branch","line":25,"loc":{"start":{"line":25,"column":81},"end":{"line":25,"column":92}},"locations":[{"start":{"line":25,"column":81},"end":{"line":25,"column":92}}]},"7":{"type":"branch","line":26,"loc":{"start":{"line":26,"column":42},"end":{"line":26,"column":58}},"locations":[{"start":{"line":26,"column":42},"end":{"line":26,"column":58}}]},"8":{"type":"branch","line":26,"loc":{"start":{"line":26,"column":49},"end":{"line":26,"column":66}},"locations":[{"start":{"line":26,"column":49},"end":{"line":26,"column":66}}]},"9":{"type":"branch","line":8,"loc":{"start":{"line":8,"column":25},"end":{"line":10,"column":4}},"locations":[{"start":{"line":8,"column":25},"end":{"line":10,"column":4}}]},"10":{"type":"branch","line":15,"loc":{"start":{"line":15,"column":17},"end":{"line":15,"column":44}},"locations":[{"start":{"line":15,"column":17},"end":{"line":15,"column":44}}]},"11":{"type":"branch","line":24,"loc":{"start":{"line":24,"column":17},"end":{"line":24,"column":44}},"locations":[{"start":{"line":24,"column":17},"end":{"line":24,"column":44}}]}},"b":{"0":[30],"1":[21],"2":[9],"3":[21],"4":[9],"5":[4],"6":[26],"7":[4],"8":[26],"9":[4],"10":[1],"11":[3]},"fnMap":{"0":{"name":"LanguageSwitcher","decl":{"start":{"line":4,"column":32},"end":{"line":33,"column":2}},"loc":{"start":{"line":4,"column":32},"end":{"line":33,"column":2}},"line":4},"1":{"name":"changeLanguage","decl":{"start":{"line":8,"column":25},"end":{"line":10,"column":4}},"loc":{"start":{"line":8,"column":25},"end":{"line":10,"column":4}},"line":8},"2":{"name":"onClick","decl":{"start":{"line":15,"column":17},"end":{"line":15,"column":44}},"loc":{"start":{"line":15,"column":17},"end":{"line":15,"column":44}},"line":15},"3":{"name":"onClick","decl":{"start":{"line":24,"column":17},"end":{"line":24,"column":44}},"loc":{"start":{"line":24,"column":17},"end":{"line":24,"column":44}},"line":24}},"f":{"0":30,"1":4,"2":1,"3":3}}
,"/Users/anna.yakimchuk/Projects/rayoalmar/src/components/SectionReveal/SectionReveal.tsx": {"path":"/Users/anna.yakimchuk/Projects/rayoalmar/src/components/SectionReveal/SectionReveal.tsx","all":false,"statementMap":{"0":{"start":{"line":1,"column":0},"end":{"line":1,"column":62}},"7":{"start":{"line":8,"column":0},"end":{"line":8,"column":68}},"8":{"start":{"line":9,"column":0},"end":{"line":9,"column":66}},"10":{"start":{"line":11,"column":0},"end":{"line":11,"column":10}},"11":{"start":{"line":12,"column":0},"end":{"line":12,"column":93}},"12":{"start":{"line":13,"column":0},"end":{"line":13,"column":16}},"13":{"start":{"line":14,"column":0},"end":{"line":14,"column":10}},"15":{"start":{"line":16,"column":0},"end":{"line":16,"column":2}}},"s":{"0":1,"7":1,"8":64,"10":64,"11":64,"12":64,"13":64,"15":64},"branchMap":{"0":{"type":"branch","line":8,"loc":{"start":{"line":8,"column":29},"end":{"line":16,"column":2}},"locations":[{"start":{"line":8,"column":29},"end":{"line":16,"column":2}}]},"1":{"type":"branch","line":12,"loc":{"start":{"line":12,"column":57},"end":{"line":12,"column":87}},"locations":[{"start":{"line":12,"column":57},"end":{"line":12,"column":87}}]},"2":{"type":"branch","line":12,"loc":{"start":{"line":12,"column":76},"end":{"line":12,"column":89}},"locations":[{"start":{"line":12,"column":76},"end":{"line":12,"column":89}}]}},"b":{"0":[64],"1":[1],"2":[63]},"fnMap":{"0":{"name":"SectionReveal","decl":{"start":{"line":8,"column":29},"end":{"line":16,"column":2}},"loc":{"start":{"line":8,"column":29},"end":{"line":16,"column":2}},"line":8}},"f":{"0":64}}
,"/Users/anna.yakimchuk/Projects/rayoalmar/src/components/SkeletonImage/SkeletonImage.tsx": {"path":"/Users/anna.yakimchuk/Projects/rayoalmar/src/components/SkeletonImage/SkeletonImage.tsx","all":false,"statementMap":{"0":{"start":{"line":1,"column":0},"end":{"line":1,"column":48}},"6":{"start":{"line":7,"column":0},"end":{"line":7,"column":69}},"7":{"start":{"line":8,"column":0},"end":{"line":8,"column":10}},"8":{"start":{"line":9,"column":0},"end":{"line":9,"column":61}},"9":{"start":{"line":10,"column":0},"end":{"line":10,"column":44}},"10":{"start":{"line":11,"column":0},"end":{"line":11,"column":10}},"12":{"start":{"line":13,"column":0},"end":{"line":13,"column":2}}},"s":{"0":1,"6":1,"7":202,"8":202,"9":202,"10":202,"12":202},"branchMap":{"0":{"type":"branch","line":7,"loc":{"start":{"line":7,"column":29},"end":{"line":13,"column":2}},"locations":[{"start":{"line":7,"column":29},"end":{"line":13,"column":2}}]},"1":{"type":"branch","line":9,"loc":{"start":{"line":9,"column":42},"end":{"line":9,"column":57}},"locations":[{"start":{"line":9,"column":42},"end":{"line":9,"column":57}}]}},"b":{"0":[202],"1":[201]},"fnMap":{"0":{"name":"SkeletonImage","decl":{"start":{"line":7,"column":29},"end":{"line":13,"column":2}},"loc":{"start":{"line":7,"column":29},"end":{"line":13,"column":2}},"line":7}},"f":{"0":202}}
,"/Users/anna.yakimchuk/Projects/rayoalmar/src/components/VideoPlayer/VideoPlayer.tsx": {"path":"/Users/anna.yakimchuk/Projects/rayoalmar/src/components/VideoPlayer/VideoPlayer.tsx","all":false,"statementMap":{"0":{"start":{"line":1,"column":0},"end":{"line":1,"column":39}},"4":{"start":{"line":5,"column":0},"end":{"line":5,"column":84}},"5":{"start":{"line":6,"column":0},"end":{"line":6,"column":10}},"6":{"start":{"line":7,"column":0},"end":{"line":7,"column":75}},"7":{"start":{"line":8,"column":0},"end":{"line":8,"column":44}},"8":{"start":{"line":9,"column":0},"end":{"line":9,"column":20}},"9":{"start":{"line":10,"column":0},"end":{"line":10,"column":16}},"10":{"start":{"line":11,"column":0},"end":{"line":11,"column":26}},"11":{"start":{"line":12,"column":0},"end":{"line":12,"column":27}},"12":{"start":{"line":13,"column":0},"end":{"line":13,"column":26}},"13":{"start":{"line":14,"column":0},"end":{"line":14,"column":27}},"14":{"start":{"line":15,"column":0},"end":{"line":15,"column":20}},"15":{"start":{"line":16,"column":0},"end":{"line":16,"column":10}},"16":{"start":{"line":17,"column":0},"end":{"line":17,"column":12}},"17":{"start":{"line":18,"column":0},"end":{"line":18,"column":34}},"18":{"start":{"line":19,"column":0},"end":{"line":19,"column":40}},"19":{"start":{"line":20,"column":0},"end":{"line":20,"column":62}},"20":{"start":{"line":21,"column":0},"end":{"line":21,"column":78}},"21":{"start":{"line":22,"column":0},"end":{"line":22,"column":14}},"23":{"start":{"line":24,"column":0},"end":{"line":24,"column":10}},"25":{"start":{"line":26,"column":0},"end":{"line":26,"column":2}}},"s":{"0":1,"4":1,"5":4,"6":4,"7":4,"8":4,"9":4,"10":4,"11":4,"12":4,"13":4,"14":4,"15":4,"16":4,"17":4,"18":4,"19":4,"20":4,"21":4,"23":4,"25":4},"branchMap":{"0":{"type":"branch","line":5,"loc":{"start":{"line":5,"column":27},"end":{"line":26,"column":2}},"locations":[{"start":{"line":5,"column":27},"end":{"line":26,"column":2}}]},"1":{"type":"branch","line":18,"loc":{"start":{"line":18,"column":8},"end":{"line":18,"column":34}},"locations":[{"start":{"line":18,"column":8},"end":{"line":18,"column":34}}]},"2":{"type":"branch","line":21,"loc":{"start":{"line":21,"column":11},"end":{"line":21,"column":78}},"locations":[{"start":{"line":21,"column":11},"end":{"line":21,"column":78}}]}},"b":{"0":[4],"1":[0],"2":[3]},"fnMap":{"0":{"name":"VideoPlayer","decl":{"start":{"line":5,"column":27},"end":{"line":26,"column":2}},"loc":{"start":{"line":5,"column":27},"end":{"line":26,"column":2}},"line":5}},"f":{"0":4}}
,"/Users/anna.yakimchuk/Projects/rayoalmar/src/hooks/useActiveSection.ts": {"path":"/Users/anna.yakimchuk/Projects/rayoalmar/src/hooks/useActiveSection.ts","all":false,"statementMap":{"0":{"start":{"line":1,"column":0},"end":{"line":1,"column":44}},"2":{"start":{"line":3,"column":0},"end":{"line":3,"column":59}},"3":{"start":{"line":4,"column":0},"end":{"line":4,"column":65}},"5":{"start":{"line":6,"column":0},"end":{"line":6,"column":19}},"6":{"start":{"line":7,"column":0},"end":{"line":7,"column":29}},"7":{"start":{"line":8,"column":0},"end":{"line":8,"column":17}},"8":{"start":{"line":9,"column":0},"end":{"line":9,"column":24}},"9":{"start":{"line":10,"column":0},"end":{"line":10,"column":39}},"10":{"start":{"line":11,"column":0},"end":{"line":11,"column":6}},"12":{"start":{"line":13,"column":0},"end":{"line":13,"column":72}},"13":{"start":{"line":14,"column":0},"end":{"line":14,"column":34}},"14":{"start":{"line":15,"column":0},"end":{"line":15,"column":35}},"15":{"start":{"line":16,"column":0},"end":{"line":16,"column":44}},"16":{"start":{"line":17,"column":0},"end":{"line":17,"column":9}},"17":{"start":{"line":18,"column":0},"end":{"line":18,"column":9}},"18":{"start":{"line":19,"column":0},"end":{"line":19,"column":6}},"20":{"start":{"line":21,"column":0},"end":{"line":21,"column":46}},"21":{"start":{"line":22,"column":0},"end":{"line":22,"column":23}},"22":{"start":{"line":23,"column":0},"end":{"line":23,"column":21}},"23":{"start":{"line":24,"column":0},"end":{"line":24,"column":6}},"26":{"start":{"line":27,"column":0},"end":{"line":27,"column":32}},"27":{"start":{"line":28,"column":0},"end":{"line":28,"column":50}},"28":{"start":{"line":29,"column":0},"end":{"line":29,"column":20}},"29":{"start":{"line":30,"column":0},"end":{"line":30,"column":34}},"30":{"start":{"line":31,"column":0},"end":{"line":31,"column":7}},"31":{"start":{"line":32,"column":0},"end":{"line":32,"column":7}},"33":{"start":{"line":34,"column":0},"end":{"line":34,"column":18}},"34":{"start":{"line":35,"column":0},"end":{"line":35,"column":34}},"35":{"start":{"line":36,"column":0},"end":{"line":36,"column":52}},"36":{"start":{"line":37,"column":0},"end":{"line":37,"column":22}},"37":{"start":{"line":38,"column":0},"end":{"line":38,"column":38}},"38":{"start":{"line":39,"column":0},"end":{"line":39,"column":9}},"39":{"start":{"line":40,"column":0},"end":{"line":40,"column":9}},"40":{"start":{"line":41,"column":0},"end":{"line":41,"column":6}},"41":{"start":{"line":42,"column":0},"end":{"line":42,"column":19}},"43":{"start":{"line":44,"column":0},"end":{"line":44,"column":23}},"44":{"start":{"line":45,"column":0},"end":{"line":45,"column":2}}},"s":{"0":1,"2":1,"3":18,"5":18,"6":15,"7":15,"8":15,"9":15,"10":15,"12":15,"13":50,"14":50,"15":50,"16":50,"17":50,"18":50,"20":15,"21":15,"22":15,"23":15,"26":15,"27":50,"28":50,"29":50,"30":50,"31":15,"33":15,"34":15,"35":50,"36":50,"37":30,"38":30,"39":15,"40":15,"41":18,"43":18,"44":18},"branchMap":{"0":{"type":"branch","line":3,"loc":{"start":{"line":3,"column":32},"end":{"line":45,"column":2}},"locations":[{"start":{"line":3,"column":32},"end":{"line":45,"column":2}}]},"1":{"type":"branch","line":6,"loc":{"start":{"line":6,"column":12},"end":{"line":42,"column":5}},"locations":[{"start":{"line":6,"column":12},"end":{"line":42,"column":5}}]},"2":{"type":"branch","line":13,"loc":{"start":{"line":13,"column":29},"end":{"line":19,"column":6}},"locations":[{"start":{"line":13,"column":29},"end":{"line":19,"column":6}}]},"3":{"type":"branch","line":14,"loc":{"start":{"line":14,"column":22},"end":{"line":18,"column":7}},"locations":[{"start":{"line":14,"column":22},"end":{"line":18,"column":7}}]},"4":{"type":"branch","line":27,"loc":{"start":{"line":27,"column":23},"end":{"line":32,"column":5}},"locations":[{"start":{"line":27,"column":23},"end":{"line":32,"column":5}}]},"5":{"type":"branch","line":34,"loc":{"start":{"line":34,"column":11},"end":{"line":41,"column":6}},"locations":[{"start":{"line":34,"column":11},"end":{"line":41,"column":6}}]},"6":{"type":"branch","line":35,"loc":{"start":{"line":35,"column":25},"end":{"line":40,"column":7}},"locations":[{"start":{"line":35,"column":25},"end":{"line":40,"column":7}}]},"7":{"type":"branch","line":37,"loc":{"start":{"line":37,"column":21},"end":{"line":39,"column":9}},"locations":[{"start":{"line":37,"column":21},"end":{"line":39,"column":9}}]}},"b":{"0":[18],"1":[15],"2":[50],"3":[50],"4":[50],"5":[15],"6":[50],"7":[30]},"fnMap":{"0":{"name":"useActiveSection","decl":{"start":{"line":3,"column":32},"end":{"line":45,"column":2}},"loc":{"start":{"line":3,"column":32},"end":{"line":45,"column":2}},"line":3},"1":{"name":"observerCallback","decl":{"start":{"line":13,"column":29},"end":{"line":19,"column":6}},"loc":{"start":{"line":13,"column":29},"end":{"line":19,"column":6}},"line":13}},"f":{"0":18,"1":50}}
,"/Users/anna.yakimchuk/Projects/rayoalmar/src/hooks/useHeaderVisibility.ts": {"path":"/Users/anna.yakimchuk/Projects/rayoalmar/src/hooks/useHeaderVisibility.ts","all":false,"statementMap":{"0":{"start":{"line":1,"column":0},"end":{"line":1,"column":65}},"2":{"start":{"line":3,"column":0},"end":{"line":3,"column":66}},"3":{"start":{"line":4,"column":0},"end":{"line":4,"column":51}},"4":{"start":{"line":5,"column":0},"end":{"line":5,"column":49}},"6":{"start":{"line":7,"column":0},"end":{"line":7,"column":40}},"7":{"start":{"line":8,"column":0},"end":{"line":8,"column":23}},"10":{"start":{"line":11,"column":0},"end":{"line":11,"column":29}},"11":{"start":{"line":12,"column":0},"end":{"line":12,"column":39}},"12":{"start":{"line":13,"column":0},"end":{"line":13,"column":5}},"15":{"start":{"line":16,"column":0},"end":{"line":16,"column":50}},"16":{"start":{"line":17,"column":0},"end":{"line":17,"column":26}},"17":{"start":{"line":18,"column":0},"end":{"line":18,"column":18}},"18":{"start":{"line":19,"column":0},"end":{"line":19,"column":18}},"20":{"start":{"line":21,"column":0},"end":{"line":21,"column":19}},"22":{"start":{"line":23,"column":0},"end":{"line":23,"column":47}},"25":{"start":{"line":26,"column":0},"end":{"line":26,"column":43}},"28":{"start":{"line":29,"column":0},"end":{"line":29,"column":44}},"30":{"start":{"line":31,"column":0},"end":{"line":31,"column":58}},"31":{"start":{"line":32,"column":0},"end":{"line":32,"column":55}},"32":{"start":{"line":33,"column":0},"end":{"line":33,"column":52}},"34":{"start":{"line":35,"column":0},"end":{"line":35,"column":18}},"35":{"start":{"line":36,"column":0},"end":{"line":36,"column":63}},"36":{"start":{"line":37,"column":0},"end":{"line":37,"column":60}},"37":{"start":{"line":38,"column":0},"end":{"line":38,"column":57}},"38":{"start":{"line":39,"column":0},"end":{"line":39,"column":31}},"39":{"start":{"line":40,"column":0},"end":{"line":40,"column":41}},"40":{"start":{"line":41,"column":0},"end":{"line":41,"column":7}},"41":{"start":{"line":42,"column":0},"end":{"line":42,"column":6}},"42":{"start":{"line":43,"column":0},"end":{"line":43,"column":30}},"44":{"start":{"line":45,"column":0},"end":{"line":45,"column":19}},"45":{"start":{"line":46,"column":0},"end":{"line":46,"column":2}}},"s":{"0":1,"2":1,"3":6,"4":6,"6":6,"7":3,"10":3,"11":0,"12":0,"15":3,"16":0,"17":3,"18":6,"20":6,"22":6,"25":6,"28":6,"30":6,"31":6,"32":6,"34":6,"35":6,"36":6,"37":6,"38":6,"39":3,"40":3,"41":6,"42":6,"44":6,"45":6},"branchMap":{"0":{"type":"branch","line":3,"loc":{"start":{"line":3,"column":35},"end":{"line":46,"column":2}},"locations":[{"start":{"line":3,"column":35},"end":{"line":46,"column":2}}]},"1":{"type":"branch","line":7,"loc":{"start":{"line":7,"column":33},"end":{"line":19,"column":5}},"locations":[{"start":{"line":7,"column":33},"end":{"line":19,"column":5}}]},"2":{"type":"branch","line":11,"loc":{"start":{"line":11,"column":28},"end":{"line":13,"column":5}},"locations":[{"start":{"line":11,"column":28},"end":{"line":13,"column":5}}]},"3":{"type":"branch","line":21,"loc":{"start":{"line":21,"column":12},"end":{"line":43,"column":5}},"locations":[{"start":{"line":21,"column":12},"end":{"line":43,"column":5}}]},"4":{"type":"branch","line":23,"loc":{"start":{"line":23,"column":28},"end":{"line":23,"column":47}},"locations":[{"start":{"line":23,"column":28},"end":{"line":23,"column":47}}]},"5":{"type":"branch","line":26,"loc":{"start":{"line":26,"column":24},"end":{"line":26,"column":43}},"locations":[{"start":{"line":26,"column":24},"end":{"line":26,"column":43}}]},"6":{"type":"branch","line":29,"loc":{"start":{"line":29,"column":25},"end":{"line":29,"column":44}},"locations":[{"start":{"line":29,"column":25},"end":{"line":29,"column":44}}]},"7":{"type":"branch","line":35,"loc":{"start":{"line":35,"column":11},"end":{"line":42,"column":6}},"locations":[{"start":{"line":35,"column":11},"end":{"line":42,"column":6}}]},"8":{"type":"branch","line":39,"loc":{"start":{"line":39,"column":30},"end":{"line":41,"column":7}},"locations":[{"start":{"line":39,"column":30},"end":{"line":41,"column":7}}]}},"b":{"0":[6],"1":[3],"2":[0],"3":[6],"4":[1],"5":[1],"6":[1],"7":[6],"8":[3]},"fnMap":{"0":{"name":"useHeaderVisibility","decl":{"start":{"line":3,"column":35},"end":{"line":46,"column":2}},"loc":{"start":{"line":3,"column":35},"end":{"line":46,"column":2}},"line":3},"1":{"name":"handleMouseMove","decl":{"start":{"line":23,"column":28},"end":{"line":23,"column":47}},"loc":{"start":{"line":23,"column":28},"end":{"line":23,"column":47}},"line":23},"2":{"name":"handleTouch","decl":{"start":{"line":26,"column":24},"end":{"line":26,"column":43}},"loc":{"start":{"line":26,"column":24},"end":{"line":26,"column":43}},"line":26},"3":{"name":"handleScroll","decl":{"start":{"line":29,"column":25},"end":{"line":29,"column":44}},"loc":{"start":{"line":29,"column":25},"end":{"line":29,"column":44}},"line":29}},"f":{"0":6,"1":1,"2":1,"3":1}}
,"/Users/anna.yakimchuk/Projects/rayoalmar/src/hooks/useIntersectionPreload.ts": {"path":"/Users/anna.yakimchuk/Projects/rayoalmar/src/hooks/useIntersectionPreload.ts","all":false,"statementMap":{"0":{"start":{"line":1,"column":0},"end":{"line":1,"column":42}},"6":{"start":{"line":7,"column":0},"end":{"line":7,"column":60}},"7":{"start":{"line":8,"column":0},"end":{"line":8,"column":64}},"9":{"start":{"line":10,"column":0},"end":{"line":10,"column":19}},"11":{"start":{"line":12,"column":0},"end":{"line":12,"column":51}},"12":{"start":{"line":13,"column":0},"end":{"line":13,"column":20}},"13":{"start":{"line":14,"column":0},"end":{"line":14,"column":36}},"14":{"start":{"line":15,"column":0},"end":{"line":15,"column":37}},"15":{"start":{"line":16,"column":0},"end":{"line":16,"column":57}},"16":{"start":{"line":17,"column":0},"end":{"line":17,"column":40}},"18":{"start":{"line":19,"column":0},"end":{"line":19,"column":34}},"20":{"start":{"line":21,"column":0},"end":{"line":21,"column":28}},"21":{"start":{"line":22,"column":0},"end":{"line":22,"column":46}},"22":{"start":{"line":23,"column":0},"end":{"line":23,"column":13}},"23":{"start":{"line":24,"column":0},"end":{"line":24,"column":11}},"24":{"start":{"line":25,"column":0},"end":{"line":25,"column":11}},"25":{"start":{"line":26,"column":0},"end":{"line":26,"column":8}},"26":{"start":{"line":27,"column":0},"end":{"line":27,"column":7}},"27":{"start":{"line":28,"column":0},"end":{"line":28,"column":19}},"28":{"start":{"line":29,"column":0},"end":{"line":29,"column":74}},"29":{"start":{"line":30,"column":0},"end":{"line":30,"column":18}},"30":{"start":{"line":31,"column":0},"end":{"line":31,"column":7}},"31":{"start":{"line":32,"column":0},"end":{"line":32,"column":6}},"33":{"start":{"line":34,"column":0},"end":{"line":34,"column":18}},"34":{"start":{"line":35,"column":0},"end":{"line":35,"column":32}},"35":{"start":{"line":36,"column":0},"end":{"line":36,"column":41}},"36":{"start":{"line":37,"column":0},"end":{"line":37,"column":7}},"37":{"start":{"line":38,"column":0},"end":{"line":38,"column":6}},"38":{"start":{"line":39,"column":0},"end":{"line":39,"column":18}},"40":{"start":{"line":41,"column":0},"end":{"line":41,"column":21}},"41":{"start":{"line":42,"column":0},"end":{"line":42,"column":2}}},"s":{"0":1,"6":1,"7":4,"9":4,"11":4,"12":4,"13":1,"14":1,"15":1,"16":1,"18":1,"20":1,"21":1,"22":1,"23":1,"24":1,"25":1,"26":4,"27":4,"28":4,"29":4,"30":4,"31":4,"33":4,"34":4,"35":4,"36":4,"37":4,"38":4,"40":4,"41":4},"branchMap":{"0":{"type":"branch","line":7,"loc":{"start":{"line":7,"column":38},"end":{"line":42,"column":2}},"locations":[{"start":{"line":7,"column":38},"end":{"line":42,"column":2}}]},"1":{"type":"branch","line":10,"loc":{"start":{"line":10,"column":12},"end":{"line":39,"column":5}},"locations":[{"start":{"line":10,"column":12},"end":{"line":39,"column":5}}]},"2":{"type":"branch","line":13,"loc":{"start":{"line":13,"column":6},"end":{"line":26,"column":8}},"locations":[{"start":{"line":13,"column":6},"end":{"line":26,"column":8}}]},"3":{"type":"branch","line":14,"loc":{"start":{"line":14,"column":24},"end":{"line":25,"column":9}},"locations":[{"start":{"line":14,"column":24},"end":{"line":25,"column":9}}]},"4":{"type":"branch","line":34,"loc":{"start":{"line":34,"column":11},"end":{"line":38,"column":6}},"locations":[{"start":{"line":34,"column":11},"end":{"line":38,"column":6}}]}},"b":{"0":[4],"1":[4],"2":[1],"3":[1],"4":[4]},"fnMap":{"0":{"name":"useIntersectionPreload","decl":{"start":{"line":7,"column":38},"end":{"line":42,"column":2}},"loc":{"start":{"line":7,"column":38},"end":{"line":42,"column":2}},"line":7},"1":{"name":"observerRef.current.IntersectionObserver.root","decl":{"start":{"line":13,"column":6},"end":{"line":26,"column":8}},"loc":{"start":{"line":13,"column":6},"end":{"line":26,"column":8}},"line":13}},"f":{"0":4,"1":1}}
,"/Users/anna.yakimchuk/Projects/rayoalmar/src/hooks/useScrollReveal.ts": {"path":"/Users/anna.yakimchuk/Projects/rayoalmar/src/hooks/useScrollReveal.ts","all":false,"statementMap":{"0":{"start":{"line":1,"column":0},"end":{"line":1,"column":52}},"7":{"start":{"line":8,"column":0},"end":{"line":8,"column":74}},"8":{"start":{"line":9,"column":0},"end":{"line":9,"column":72}},"9":{"start":{"line":10,"column":0},"end":{"line":10,"column":52}},"10":{"start":{"line":11,"column":0},"end":{"line":11,"column":43}},"12":{"start":{"line":13,"column":0},"end":{"line":13,"column":19}},"13":{"start":{"line":14,"column":0},"end":{"line":14,"column":32}},"14":{"start":{"line":15,"column":0},"end":{"line":15,"column":25}},"17":{"start":{"line":18,"column":0},"end":{"line":18,"column":95}},"20":{"start":{"line":21,"column":0},"end":{"line":21,"column":31}},"21":{"start":{"line":22,"column":0},"end":{"line":22,"column":25}},"22":{"start":{"line":23,"column":0},"end":{"line":23,"column":13}},"23":{"start":{"line":24,"column":0},"end":{"line":24,"column":5}},"25":{"start":{"line":26,"column":0},"end":{"line":26,"column":46}},"26":{"start":{"line":27,"column":0},"end":{"line":27,"column":20}},"27":{"start":{"line":28,"column":0},"end":{"line":28,"column":35}},"28":{"start":{"line":29,"column":0},"end":{"line":29,"column":29}},"30":{"start":{"line":31,"column":0},"end":{"line":31,"column":38}},"31":{"start":{"line":32,"column":0},"end":{"line":32,"column":9}},"32":{"start":{"line":33,"column":0},"end":{"line":33,"column":8}},"33":{"start":{"line":34,"column":0},"end":{"line":34,"column":7}},"34":{"start":{"line":35,"column":0},"end":{"line":35,"column":18}},"35":{"start":{"line":36,"column":0},"end":{"line":36,"column":19}},"36":{"start":{"line":37,"column":0},"end":{"line":37,"column":7}},"37":{"start":{"line":38,"column":0},"end":{"line":38,"column":6}},"39":{"start":{"line":40,"column":0},"end":{"line":40,"column":30}},"41":{"start":{"line":42,"column":0},"end":{"line":42,"column":18}},"42":{"start":{"line":43,"column":0},"end":{"line":43,"column":20}},"43":{"start":{"line":44,"column":0},"end":{"line":44,"column":36}},"44":{"start":{"line":45,"column":0},"end":{"line":45,"column":7}},"45":{"start":{"line":46,"column":0},"end":{"line":46,"column":6}},"46":{"start":{"line":47,"column":0},"end":{"line":47,"column":30}},"48":{"start":{"line":49,"column":0},"end":{"line":49,"column":28}},"49":{"start":{"line":50,"column":0},"end":{"line":50,"column":2}}},"s":{"0":1,"7":1,"8":276,"9":276,"10":276,"12":276,"13":248,"14":248,"17":245,"20":248,"21":0,"22":0,"23":0,"25":245,"26":245,"27":245,"28":245,"30":245,"31":245,"32":245,"33":245,"34":245,"35":245,"36":245,"37":245,"39":245,"41":245,"42":245,"43":245,"44":245,"45":245,"46":276,"48":276,"49":276},"branchMap":{"0":{"type":"branch","line":8,"loc":{"start":{"line":8,"column":31},"end":{"line":50,"column":2}},"locations":[{"start":{"line":8,"column":31},"end":{"line":50,"column":2}}]},"1":{"type":"branch","line":13,"loc":{"start":{"line":13,"column":12},"end":{"line":47,"column":5}},"locations":[{"start":{"line":13,"column":12},"end":{"line":47,"column":5}}]},"2":{"type":"branch","line":15,"loc":{"start":{"line":15,"column":18},"end":{"line":15,"column":25}},"locations":[{"start":{"line":15,"column":18},"end":{"line":15,"column":25}}]},"3":{"type":"branch","line":15,"loc":{"start":{"line":15,"column":18},"end":{"line":21,"column":30}},"locations":[{"start":{"line":15,"column":18},"end":{"line":21,"column":30}}]},"4":{"type":"branch","line":21,"loc":{"start":{"line":21,"column":30},"end":{"line":24,"column":5}},"locations":[{"start":{"line":21,"column":30},"end":{"line":24,"column":5}}]},"5":{"type":"branch","line":24,"loc":{"start":{"line":24,"column":4},"end":{"line":46,"column":6}},"locations":[{"start":{"line":24,"column":4},"end":{"line":46,"column":6}}]},"6":{"type":"branch","line":27,"loc":{"start":{"line":27,"column":6},"end":{"line":33,"column":8}},"locations":[{"start":{"line":27,"column":6},"end":{"line":33,"column":8}}]},"7":{"type":"branch","line":42,"loc":{"start":{"line":42,"column":11},"end":{"line":46,"column":6}},"locations":[{"start":{"line":42,"column":11},"end":{"line":46,"column":6}}]}},"b":{"0":[276],"1":[248],"2":[3],"3":[245],"4":[0],"5":[245],"6":[245],"7":[245]},"fnMap":{"0":{"name":"useScrollReveal","decl":{"start":{"line":8,"column":31},"end":{"line":50,"column":2}},"loc":{"start":{"line":8,"column":31},"end":{"line":50,"column":2}},"line":8},"1":{"name":"IntersectionObserver.threshold.threshold","decl":{"start":{"line":27,"column":6},"end":{"line":33,"column":8}},"loc":{"start":{"line":27,"column":6},"end":{"line":33,"column":8}},"line":27}},"f":{"0":276,"1":245}}
,"/Users/anna.yakimchuk/Projects/rayoalmar/src/i18n/config.ts": {"path":"/Users/anna.yakimchuk/Projects/rayoalmar/src/i18n/config.ts","all":false,"statementMap":{"0":{"start":{"line":1,"column":0},"end":{"line":1,"column":27}},"1":{"start":{"line":2,"column":0},"end":{"line":2,"column":49}},"2":{"start":{"line":3,"column":0},"end":{"line":3,"column":64}},"3":{"start":{"line":4,"column":0},"end":{"line":4,"column":43}},"6":{"start":{"line":7,"column":0},"end":{"line":7,"column":4}},"8":{"start":{"line":9,"column":0},"end":{"line":9,"column":15}},"10":{"start":{"line":11,"column":0},"end":{"line":11,"column":24}},"12":{"start":{"line":13,"column":0},"end":{"line":13,"column":24}},"14":{"start":{"line":15,"column":0},"end":{"line":15,"column":9}},"16":{"start":{"line":17,"column":0},"end":{"line":17,"column":32}},"18":{"start":{"line":19,"column":0},"end":{"line":19,"column":22}},"20":{"start":{"line":21,"column":0},"end":{"line":21,"column":31}},"23":{"start":{"line":24,"column":0},"end":{"line":24,"column":16}},"24":{"start":{"line":25,"column":0},"end":{"line":25,"column":43}},"25":{"start":{"line":26,"column":0},"end":{"line":26,"column":31}},"26":{"start":{"line":27,"column":0},"end":{"line":27,"column":39}},"27":{"start":{"line":28,"column":0},"end":{"line":28,"column":6}},"30":{"start":{"line":31,"column":0},"end":{"line":31,"column":56}},"31":{"start":{"line":32,"column":0},"end":{"line":32,"column":24}},"34":{"start":{"line":35,"column":0},"end":{"line":35,"column":14}},"35":{"start":{"line":36,"column":0},"end":{"line":36,"column":57}},"36":{"start":{"line":37,"column":0},"end":{"line":37,"column":6}},"39":{"start":{"line":40,"column":0},"end":{"line":40,"column":20}},"40":{"start":{"line":41,"column":0},"end":{"line":41,"column":57}},"41":{"start":{"line":42,"column":0},"end":{"line":42,"column":6}},"44":{"start":{"line":45,"column":0},"end":{"line":45,"column":12}},"45":{"start":{"line":46,"column":0},"end":{"line":46,"column":62}},"46":{"start":{"line":47,"column":0},"end":{"line":47,"column":6}},"47":{"start":{"line":48,"column":0},"end":{"line":48,"column":5}},"49":{"start":{"line":50,"column":0},"end":{"line":50,"column":20}}},"s":{"0":1,"1":1,"2":1,"3":1,"6":1,"8":1,"10":1,"12":1,"14":1,"16":1,"18":1,"20":1,"23":1,"24":1,"25":1,"26":1,"27":1,"30":1,"31":1,"34":1,"35":1,"36":1,"39":1,"40":1,"41":1,"44":1,"45":1,"46":1,"47":1,"49":1},"branchMap":{},"b":{},"fnMap":{},"f":{}}
,"/Users/anna.yakimchuk/Projects/rayoalmar/src/sections/AboutMe/AboutMe.tsx": {"path":"/Users/anna.yakimchuk/Projects/rayoalmar/src/sections/AboutMe/AboutMe.tsx","all":false,"statementMap":{"0":{"start":{"line":1,"column":0},"end":{"line":1,"column":47}},"4":{"start":{"line":5,"column":0},"end":{"line":5,"column":30}},"5":{"start":{"line":6,"column":0},"end":{"line":6,"column":43}},"7":{"start":{"line":8,"column":0},"end":{"line":8,"column":10}},"8":{"start":{"line":9,"column":0},"end":{"line":9,"column":80}},"9":{"start":{"line":10,"column":0},"end":{"line":10,"column":21}},"10":{"start":{"line":11,"column":0},"end":{"line":11,"column":40}},"11":{"start":{"line":12,"column":0},"end":{"line":12,"column":33}},"13":{"start":{"line":14,"column":0},"end":{"line":14,"column":49}},"14":{"start":{"line":15,"column":0},"end":{"line":15,"column":49}},"15":{"start":{"line":16,"column":0},"end":{"line":16,"column":16}},"16":{"start":{"line":17,"column":0},"end":{"line":17,"column":53}},"17":{"start":{"line":18,"column":0},"end":{"line":18,"column":63}},"18":{"start":{"line":19,"column":0},"end":{"line":19,"column":38}},"19":{"start":{"line":20,"column":0},"end":{"line":20,"column":25}},"20":{"start":{"line":21,"column":0},"end":{"line":21,"column":26}},"21":{"start":{"line":22,"column":0},"end":{"line":22,"column":28}},"22":{"start":{"line":23,"column":0},"end":{"line":23,"column":14}},"23":{"start":{"line":24,"column":0},"end":{"line":24,"column":16}},"25":{"start":{"line":26,"column":0},"end":{"line":26,"column":48}},"26":{"start":{"line":27,"column":0},"end":{"line":27,"column":67}},"27":{"start":{"line":28,"column":0},"end":{"line":28,"column":70}},"29":{"start":{"line":30,"column":0},"end":{"line":30,"column":51}},"30":{"start":{"line":31,"column":0},"end":{"line":31,"column":78}},"32":{"start":{"line":33,"column":0},"end":{"line":33,"column":16}},"33":{"start":{"line":34,"column":0},"end":{"line":34,"column":87}},"34":{"start":{"line":35,"column":0},"end":{"line":35,"column":44}},"35":{"start":{"line":36,"column":0},"end":{"line":36,"column":46}},"36":{"start":{"line":37,"column":0},"end":{"line":37,"column":15}},"38":{"start":{"line":39,"column":0},"end":{"line":39,"column":18}},"40":{"start":{"line":41,"column":0},"end":{"line":41,"column":50}},"41":{"start":{"line":42,"column":0},"end":{"line":42,"column":18}},"42":{"start":{"line":43,"column":0},"end":{"line":43,"column":64}},"43":{"start":{"line":44,"column":0},"end":{"line":44,"column":33}},"44":{"start":{"line":45,"column":0},"end":{"line":45,"column":43}},"45":{"start":{"line":46,"column":0},"end":{"line":46,"column":48}},"46":{"start":{"line":47,"column":0},"end":{"line":47,"column":47}},"48":{"start":{"line":49,"column":0},"end":{"line":49,"column":112}},"49":{"start":{"line":50,"column":0},"end":{"line":50,"column":1102}},"50":{"start":{"line":51,"column":0},"end":{"line":51,"column":24}},"51":{"start":{"line":52,"column":0},"end":{"line":52,"column":20}},"53":{"start":{"line":54,"column":0},"end":{"line":54,"column":18}},"54":{"start":{"line":55,"column":0},"end":{"line":55,"column":75}},"55":{"start":{"line":56,"column":0},"end":{"line":56,"column":33}},"56":{"start":{"line":57,"column":0},"end":{"line":57,"column":43}},"57":{"start":{"line":58,"column":0},"end":{"line":58,"column":47}},"58":{"start":{"line":59,"column":0},"end":{"line":59,"column":47}},"60":{"start":{"line":61,"column":0},"end":{"line":61,"column":112}},"61":{"start":{"line":62,"column":0},"end":{"line":62,"column":530}},"62":{"start":{"line":63,"column":0},"end":{"line":63,"column":24}},"63":{"start":{"line":64,"column":0},"end":{"line":64,"column":20}},"64":{"start":{"line":65,"column":0},"end":{"line":65,"column":20}},"65":{"start":{"line":66,"column":0},"end":{"line":66,"column":18}},"66":{"start":{"line":67,"column":0},"end":{"line":67,"column":16}},"67":{"start":{"line":68,"column":0},"end":{"line":68,"column":14}},"68":{"start":{"line":69,"column":0},"end":{"line":69,"column":14}},"69":{"start":{"line":70,"column":0},"end":{"line":70,"column":22}},"70":{"start":{"line":71,"column":0},"end":{"line":71,"column":14}},"72":{"start":{"line":73,"column":0},"end":{"line":73,"column":2}}},"s":{"0":1,"4":1,"5":16,"7":16,"8":16,"9":16,"10":16,"11":16,"13":16,"14":16,"15":16,"16":16,"17":16,"18":16,"19":16,"20":16,"21":16,"22":16,"23":16,"25":16,"26":16,"27":16,"29":16,"30":16,"32":16,"33":16,"34":16,"35":16,"36":16,"38":16,"40":16,"41":16,"42":16,"43":16,"44":16,"45":16,"46":16,"48":16,"49":16,"50":16,"51":16,"53":16,"54":16,"55":16,"56":16,"57":16,"58":16,"60":16,"61":16,"62":16,"63":16,"64":16,"65":16,"66":16,"67":16,"68":16,"69":16,"70":16,"72":16},"branchMap":{"0":{"type":"branch","line":5,"loc":{"start":{"line":5,"column":23},"end":{"line":73,"column":2}},"locations":[{"start":{"line":5,"column":23},"end":{"line":73,"column":2}}]}},"b":{"0":[16]},"fnMap":{"0":{"name":"AboutMe","decl":{"start":{"line":5,"column":23},"end":{"line":73,"column":2}},"loc":{"start":{"line":5,"column":23},"end":{"line":73,"column":2}},"line":5}},"f":{"0":16}}
,"/Users/anna.yakimchuk/Projects/rayoalmar/src/sections/PhotoSessions/PhotoSessions.tsx": {"path":"/Users/anna.yakimchuk/Projects/rayoalmar/src/sections/PhotoSessions/PhotoSessions.tsx","all":false,"statementMap":{"0":{"start":{"line":1,"column":0},"end":{"line":1,"column":47}},"7":{"start":{"line":8,"column":0},"end":{"line":8,"column":36}},"8":{"start":{"line":9,"column":0},"end":{"line":9,"column":43}},"11":{"start":{"line":12,"column":0},"end":{"line":12,"column":66}},"12":{"start":{"line":13,"column":0},"end":{"line":13,"column":78}},"14":{"start":{"line":15,"column":0},"end":{"line":15,"column":10}},"15":{"start":{"line":16,"column":0},"end":{"line":16,"column":12}},"16":{"start":{"line":17,"column":0},"end":{"line":17,"column":25}},"17":{"start":{"line":18,"column":0},"end":{"line":18,"column":32}},"18":{"start":{"line":19,"column":0},"end":{"line":19,"column":37}},"20":{"start":{"line":21,"column":0},"end":{"line":21,"column":21}},"21":{"start":{"line":22,"column":0},"end":{"line":22,"column":40}},"22":{"start":{"line":23,"column":0},"end":{"line":23,"column":39}},"23":{"start":{"line":24,"column":0},"end":{"line":24,"column":61}},"24":{"start":{"line":25,"column":0},"end":{"line":25,"column":14}},"25":{"start":{"line":26,"column":0},"end":{"line":26,"column":22}},"26":{"start":{"line":27,"column":0},"end":{"line":27,"column":14}},"28":{"start":{"line":29,"column":0},"end":{"line":29,"column":2}}},"s":{"0":1,"7":1,"8":15,"11":15,"12":15,"14":15,"15":15,"16":15,"17":15,"18":15,"20":15,"21":15,"22":15,"23":15,"24":15,"25":15,"26":15,"28":15},"branchMap":{"0":{"type":"branch","line":8,"loc":{"start":{"line":8,"column":29},"end":{"line":29,"column":2}},"locations":[{"start":{"line":8,"column":29},"end":{"line":29,"column":2}}]},"1":{"type":"branch","line":13,"loc":{"start":{"line":13,"column":49},"end":{"line":13,"column":76}},"locations":[{"start":{"line":13,"column":49},"end":{"line":13,"column":76}}]}},"b":{"0":[15],"1":[42]},"fnMap":{"0":{"name":"PhotoSessions","decl":{"start":{"line":8,"column":29},"end":{"line":29,"column":2}},"loc":{"start":{"line":8,"column":29},"end":{"line":29,"column":2}},"line":8}},"f":{"0":15}}
,"/Users/anna.yakimchuk/Projects/rayoalmar/src/sections/Shoots/Shoots.tsx": {"path":"/Users/anna.yakimchuk/Projects/rayoalmar/src/sections/Shoots/Shoots.tsx","all":false,"statementMap":{"0":{"start":{"line":1,"column":0},"end":{"line":1,"column":47}},"7":{"start":{"line":8,"column":0},"end":{"line":8,"column":29}},"8":{"start":{"line":9,"column":0},"end":{"line":9,"column":43}},"11":{"start":{"line":12,"column":0},"end":{"line":12,"column":52}},"12":{"start":{"line":13,"column":0},"end":{"line":13,"column":71}},"14":{"start":{"line":15,"column":0},"end":{"line":15,"column":10}},"15":{"start":{"line":16,"column":0},"end":{"line":16,"column":77}},"16":{"start":{"line":17,"column":0},"end":{"line":17,"column":21}},"17":{"start":{"line":18,"column":0},"end":{"line":18,"column":40}},"18":{"start":{"line":19,"column":0},"end":{"line":19,"column":32}},"19":{"start":{"line":20,"column":0},"end":{"line":20,"column":54}},"20":{"start":{"line":21,"column":0},"end":{"line":21,"column":14}},"21":{"start":{"line":22,"column":0},"end":{"line":22,"column":22}},"22":{"start":{"line":23,"column":0},"end":{"line":23,"column":14}},"24":{"start":{"line":25,"column":0},"end":{"line":25,"column":2}}},"s":{"0":1,"7":1,"8":15,"11":15,"12":15,"14":15,"15":15,"16":15,"17":15,"18":15,"19":15,"20":15,"21":15,"22":15,"24":15},"branchMap":{"0":{"type":"branch","line":8,"loc":{"start":{"line":8,"column":22},"end":{"line":25,"column":2}},"locations":[{"start":{"line":8,"column":22},"end":{"line":25,"column":2}}]},"1":{"type":"branch","line":13,"loc":{"start":{"line":13,"column":42},"end":{"line":13,"column":69}},"locations":[{"start":{"line":13,"column":42},"end":{"line":13,"column":69}}]}},"b":{"0":[15],"1":[42]},"fnMap":{"0":{"name":"Shoots","decl":{"start":{"line":8,"column":22},"end":{"line":25,"column":2}},"loc":{"start":{"line":8,"column":22},"end":{"line":25,"column":2}},"line":8}},"f":{"0":15}}
,"/Users/anna.yakimchuk/Projects/rayoalmar/src/sections/Sketchup/Sketchup.tsx": {"path":"/Users/anna.yakimchuk/Projects/rayoalmar/src/sections/Sketchup/Sketchup.tsx","all":false,"statementMap":{"0":{"start":{"line":1,"column":0},"end":{"line":1,"column":47}},"7":{"start":{"line":8,"column":0},"end":{"line":8,"column":31}},"8":{"start":{"line":9,"column":0},"end":{"line":9,"column":43}},"11":{"start":{"line":12,"column":0},"end":{"line":12,"column":56}},"12":{"start":{"line":13,"column":0},"end":{"line":13,"column":73}},"14":{"start":{"line":15,"column":0},"end":{"line":15,"column":10}},"15":{"start":{"line":16,"column":0},"end":{"line":16,"column":12}},"16":{"start":{"line":17,"column":0},"end":{"line":17,"column":19}},"17":{"start":{"line":18,"column":0},"end":{"line":18,"column":32}},"18":{"start":{"line":19,"column":0},"end":{"line":19,"column":32}},"20":{"start":{"line":21,"column":0},"end":{"line":21,"column":21}},"21":{"start":{"line":22,"column":0},"end":{"line":22,"column":40}},"22":{"start":{"line":23,"column":0},"end":{"line":23,"column":34}},"23":{"start":{"line":24,"column":0},"end":{"line":24,"column":56}},"24":{"start":{"line":25,"column":0},"end":{"line":25,"column":14}},"25":{"start":{"line":26,"column":0},"end":{"line":26,"column":22}},"26":{"start":{"line":27,"column":0},"end":{"line":27,"column":14}},"28":{"start":{"line":29,"column":0},"end":{"line":29,"column":2}}},"s":{"0":1,"7":1,"8":13,"11":13,"12":13,"14":13,"15":13,"16":13,"17":13,"18":13,"20":13,"21":13,"22":13,"23":13,"24":13,"25":13,"26":13,"28":13},"branchMap":{"0":{"type":"branch","line":8,"loc":{"start":{"line":8,"column":24},"end":{"line":29,"column":2}},"locations":[{"start":{"line":8,"column":24},"end":{"line":29,"column":2}}]},"1":{"type":"branch","line":13,"loc":{"start":{"line":13,"column":44},"end":{"line":13,"column":71}},"locations":[{"start":{"line":13,"column":44},"end":{"line":13,"column":71}}]}},"b":{"0":[13],"1":[44]},"fnMap":{"0":{"name":"Sketchup","decl":{"start":{"line":8,"column":24},"end":{"line":29,"column":2}},"loc":{"start":{"line":8,"column":24},"end":{"line":29,"column":2}},"line":8}},"f":{"0":13}}
,"/Users/anna.yakimchuk/Projects/rayoalmar/src/tests/fixtures/index.ts": {"path":"/Users/anna.yakimchuk/Projects/rayoalmar/src/tests/fixtures/index.ts","all":false,"statementMap":{"0":{"start":{"line":1,"column":0},"end":{"line":1,"column":3}}},"s":{"0":1},"branchMap":{},"b":{},"fnMap":{},"f":{}}
,"/Users/anna.yakimchuk/Projects/rayoalmar/src/tests/fixtures/photoSessions.ts": {"path":"/Users/anna.yakimchuk/Projects/rayoalmar/src/tests/fixtures/photoSessions.ts","all":false,"statementMap":{"4":{"start":{"line":5,"column":0},"end":{"line":5,"column":34}},"5":{"start":{"line":6,"column":0},"end":{"line":6,"column":3}},"6":{"start":{"line":7,"column":0},"end":{"line":7,"column":20}},"7":{"start":{"line":8,"column":0},"end":{"line":8,"column":34}},"8":{"start":{"line":9,"column":0},"end":{"line":9,"column":50}},"9":{"start":{"line":10,"column":0},"end":{"line":10,"column":52}},"10":{"start":{"line":11,"column":0},"end":{"line":11,"column":23}},"11":{"start":{"line":12,"column":0},"end":{"line":12,"column":13}},"12":{"start":{"line":13,"column":0},"end":{"line":13,"column":4}},"13":{"start":{"line":14,"column":0},"end":{"line":14,"column":3}},"14":{"start":{"line":15,"column":0},"end":{"line":15,"column":20}},"15":{"start":{"line":16,"column":0},"end":{"line":16,"column":34}},"16":{"start":{"line":17,"column":0},"end":{"line":17,"column":50}},"17":{"start":{"line":18,"column":0},"end":{"line":18,"column":52}},"18":{"start":{"line":19,"column":0},"end":{"line":19,"column":23}},"19":{"start":{"line":20,"column":0},"end":{"line":20,"column":13}},"20":{"start":{"line":21,"column":0},"end":{"line":21,"column":4}},"21":{"start":{"line":22,"column":0},"end":{"line":22,"column":3}},"22":{"start":{"line":23,"column":0},"end":{"line":23,"column":20}},"23":{"start":{"line":24,"column":0},"end":{"line":24,"column":34}},"24":{"start":{"line":25,"column":0},"end":{"line":25,"column":50}},"25":{"start":{"line":26,"column":0},"end":{"line":26,"column":52}},"26":{"start":{"line":27,"column":0},"end":{"line":27,"column":23}},"27":{"start":{"line":28,"column":0},"end":{"line":28,"column":13}},"28":{"start":{"line":29,"column":0},"end":{"line":29,"column":4}},"29":{"start":{"line":30,"column":0},"end":{"line":30,"column":2}}},"s":{"4":1,"5":1,"6":1,"7":1,"8":1,"9":1,"10":1,"11":1,"12":1,"13":1,"14":1,"15":1,"16":1,"17":1,"18":1,"19":1,"20":1,"21":1,"22":1,"23":1,"24":1,"25":1,"26":1,"27":1,"28":1,"29":1},"branchMap":{},"b":{},"fnMap":{},"f":{}}
,"/Users/anna.yakimchuk/Projects/rayoalmar/src/tests/fixtures/shoots.ts": {"path":"/Users/anna.yakimchuk/Projects/rayoalmar/src/tests/fixtures/shoots.ts","all":false,"statementMap":{"4":{"start":{"line":5,"column":0},"end":{"line":5,"column":27}},"5":{"start":{"line":6,"column":0},"end":{"line":6,"column":3}},"6":{"start":{"line":7,"column":0},"end":{"line":7,"column":23}},"7":{"start":{"line":8,"column":0},"end":{"line":8,"column":26}},"8":{"start":{"line":9,"column":0},"end":{"line":9,"column":42}},"9":{"start":{"line":10,"column":0},"end":{"line":10,"column":44}},"10":{"start":{"line":11,"column":0},"end":{"line":11,"column":23}},"11":{"start":{"line":12,"column":0},"end":{"line":12,"column":13}},"12":{"start":{"line":13,"column":0},"end":{"line":13,"column":4}},"13":{"start":{"line":14,"column":0},"end":{"line":14,"column":3}},"14":{"start":{"line":15,"column":0},"end":{"line":15,"column":23}},"15":{"start":{"line":16,"column":0},"end":{"line":16,"column":26}},"16":{"start":{"line":17,"column":0},"end":{"line":17,"column":42}},"17":{"start":{"line":18,"column":0},"end":{"line":18,"column":44}},"18":{"start":{"line":19,"column":0},"end":{"line":19,"column":23}},"19":{"start":{"line":20,"column":0},"end":{"line":20,"column":13}},"20":{"start":{"line":21,"column":0},"end":{"line":21,"column":4}},"21":{"start":{"line":22,"column":0},"end":{"line":22,"column":3}},"22":{"start":{"line":23,"column":0},"end":{"line":23,"column":23}},"23":{"start":{"line":24,"column":0},"end":{"line":24,"column":26}},"24":{"start":{"line":25,"column":0},"end":{"line":25,"column":42}},"25":{"start":{"line":26,"column":0},"end":{"line":26,"column":44}},"26":{"start":{"line":27,"column":0},"end":{"line":27,"column":23}},"27":{"start":{"line":28,"column":0},"end":{"line":28,"column":13}},"28":{"start":{"line":29,"column":0},"end":{"line":29,"column":4}},"29":{"start":{"line":30,"column":0},"end":{"line":30,"column":2}}},"s":{"4":1,"5":1,"6":1,"7":1,"8":1,"9":1,"10":1,"11":1,"12":1,"13":1,"14":1,"15":1,"16":1,"17":1,"18":1,"19":1,"20":1,"21":1,"22":1,"23":1,"24":1,"25":1,"26":1,"27":1,"28":1,"29":1},"branchMap":{},"b":{},"fnMap":{},"f":{}}
,"/Users/anna.yakimchuk/Projects/rayoalmar/src/tests/fixtures/sketchup.ts": {"path":"/Users/anna.yakimchuk/Projects/rayoalmar/src/tests/fixtures/sketchup.ts","all":false,"statementMap":{"4":{"start":{"line":5,"column":0},"end":{"line":5,"column":29}},"5":{"start":{"line":6,"column":0},"end":{"line":6,"column":3}},"6":{"start":{"line":7,"column":0},"end":{"line":7,"column":26}},"7":{"start":{"line":8,"column":0},"end":{"line":8,"column":29}},"8":{"start":{"line":9,"column":0},"end":{"line":9,"column":45}},"9":{"start":{"line":10,"column":0},"end":{"line":10,"column":47}},"10":{"start":{"line":11,"column":0},"end":{"line":11,"column":23}},"11":{"start":{"line":12,"column":0},"end":{"line":12,"column":13}},"12":{"start":{"line":13,"column":0},"end":{"line":13,"column":4}},"13":{"start":{"line":14,"column":0},"end":{"line":14,"column":3}},"14":{"start":{"line":15,"column":0},"end":{"line":15,"column":26}},"15":{"start":{"line":16,"column":0},"end":{"line":16,"column":29}},"16":{"start":{"line":17,"column":0},"end":{"line":17,"column":45}},"17":{"start":{"line":18,"column":0},"end":{"line":18,"column":47}},"18":{"start":{"line":19,"column":0},"end":{"line":19,"column":23}},"19":{"start":{"line":20,"column":0},"end":{"line":20,"column":13}},"20":{"start":{"line":21,"column":0},"end":{"line":21,"column":4}},"21":{"start":{"line":22,"column":0},"end":{"line":22,"column":3}},"22":{"start":{"line":23,"column":0},"end":{"line":23,"column":26}},"23":{"start":{"line":24,"column":0},"end":{"line":24,"column":29}},"24":{"start":{"line":25,"column":0},"end":{"line":25,"column":45}},"25":{"start":{"line":26,"column":0},"end":{"line":26,"column":47}},"26":{"start":{"line":27,"column":0},"end":{"line":27,"column":23}},"27":{"start":{"line":28,"column":0},"end":{"line":28,"column":13}},"28":{"start":{"line":29,"column":0},"end":{"line":29,"column":4}},"29":{"start":{"line":30,"column":0},"end":{"line":30,"column":2}}},"s":{"4":1,"5":1,"6":1,"7":1,"8":1,"9":1,"10":1,"11":1,"12":1,"13":1,"14":1,"15":1,"16":1,"17":1,"18":1,"19":1,"20":1,"21":1,"22":1,"23":1,"24":1,"25":1,"26":1,"27":1,"28":1,"29":1},"branchMap":{},"b":{},"fnMap":{},"f":{}}
,"/Users/anna.yakimchuk/Projects/rayoalmar/src/types/content.ts": {"path":"/Users/anna.yakimchuk/Projects/rayoalmar/src/types/content.ts","all":true,"statementMap":{},"s":{},"branchMap":{"0":{"type":"branch","line":1,"loc":{"start":{"line":1,"column":768},"end":{"line":30,"column":1}},"locations":[{"start":{"line":1,"column":768},"end":{"line":30,"column":1}}]}},"b":{"0":[1]},"fnMap":{"0":{"name":"(empty-report)","decl":{"start":{"line":1,"column":768},"end":{"line":30,"column":1}},"loc":{"start":{"line":1,"column":768},"end":{"line":30,"column":1}},"line":1}},"f":{"0":1}}
,"/Users/anna.yakimchuk/Projects/rayoalmar/src/types/i18next.d.ts": {"path":"/Users/anna.yakimchuk/Projects/rayoalmar/src/types/i18next.d.ts","all":true,"statementMap":{"0":{"start":{"line":1,"column":0},"end":{"line":1,"column":41}},"1":{"start":{"line":2,"column":0},"end":{"line":2,"column":23}}},"s":{"0":0,"1":0},"branchMap":{"0":{"type":"branch","line":1,"loc":{"start":{"line":1,"column":382},"end":{"line":15,"column":1}},"locations":[{"start":{"line":1,"column":382},"end":{"line":15,"column":1}}]}},"b":{"0":[0]},"fnMap":{"0":{"name":"(empty-report)","decl":{"start":{"line":1,"column":382},"end":{"line":15,"column":1}},"loc":{"start":{"line":1,"column":382},"end":{"line":15,"column":1}},"line":1}},"f":{"0":0}}
}
