{"total": {"lines":{"total":573,"covered":553,"skipped":0,"pct":96.5},"statements":{"total":573,"covered":553,"skipped":0,"pct":96.5},"functions":{"total":36,"covered":32,"skipped":0,"pct":88.88},"branches":{"total":88,"covered":78,"skipped":0,"pct":88.63},"branchesTrue":{"total":0,"covered":0,"skipped":0,"pct":100}}
,"/Users/anna.yakimchuk/Projects/rayoalmar/src/App.tsx": {"lines":{"total":28,"covered":28,"skipped":0,"pct":100},"functions":{"total":1,"covered":1,"skipped":0,"pct":100},"statements":{"total":28,"covered":28,"skipped":0,"pct":100},"branches":{"total":1,"covered":1,"skipped":0,"pct":100}}
,"/Users/anna.yakimchuk/Projects/rayoalmar/src/components/Grid/Grid.tsx": {"lines":{"total":64,"covered":52,"skipped":0,"pct":81.25},"functions":{"total":6,"covered":4,"skipped":0,"pct":66.66},"statements":{"total":64,"covered":52,"skipped":0,"pct":81.25},"branches":{"total":17,"covered":13,"skipped":0,"pct":76.47}}
,"/Users/anna.yakimchuk/Projects/rayoalmar/src/components/Header/Header.tsx": {"lines":{"total":65,"covered":65,"skipped":0,"pct":100},"functions":{"total":6,"covered":5,"skipped":0,"pct":83.33},"statements":{"total":65,"covered":65,"skipped":0,"pct":100},"branches":{"total":11,"covered":9,"skipped":0,"pct":81.81}}
,"/Users/anna.yakimchuk/Projects/rayoalmar/src/components/LanguageSwitcher/LanguageSwitcher.tsx": {"lines":{"total":26,"covered":26,"skipped":0,"pct":100},"functions":{"total":4,"covered":4,"skipped":0,"pct":100},"statements":{"total":26,"covered":26,"skipped":0,"pct":100},"branches":{"total":12,"covered":12,"skipped":0,"pct":100}}
,"/Users/anna.yakimchuk/Projects/rayoalmar/src/components/SectionReveal/SectionReveal.tsx": {"lines":{"total":8,"covered":8,"skipped":0,"pct":100},"functions":{"total":1,"covered":1,"skipped":0,"pct":100},"statements":{"total":8,"covered":8,"skipped":0,"pct":100},"branches":{"total":3,"covered":3,"skipped":0,"pct":100}}
,"/Users/anna.yakimchuk/Projects/rayoalmar/src/components/SkeletonImage/SkeletonImage.tsx": {"lines":{"total":7,"covered":7,"skipped":0,"pct":100},"functions":{"total":1,"covered":1,"skipped":0,"pct":100},"statements":{"total":7,"covered":7,"skipped":0,"pct":100},"branches":{"total":2,"covered":2,"skipped":0,"pct":100}}
,"/Users/anna.yakimchuk/Projects/rayoalmar/src/components/VideoPlayer/VideoPlayer.tsx": {"lines":{"total":21,"covered":21,"skipped":0,"pct":100},"functions":{"total":1,"covered":1,"skipped":0,"pct":100},"statements":{"total":21,"covered":21,"skipped":0,"pct":100},"branches":{"total":3,"covered":2,"skipped":0,"pct":66.66}}
,"/Users/anna.yakimchuk/Projects/rayoalmar/src/hooks/useActiveSection.ts": {"lines":{"total":37,"covered":37,"skipped":0,"pct":100},"functions":{"total":2,"covered":2,"skipped":0,"pct":100},"statements":{"total":37,"covered":37,"skipped":0,"pct":100},"branches":{"total":8,"covered":8,"skipped":0,"pct":100}}
,"/Users/anna.yakimchuk/Projects/rayoalmar/src/hooks/useHeaderVisibility.ts": {"lines":{"total":31,"covered":28,"skipped":0,"pct":90.32},"functions":{"total":4,"covered":4,"skipped":0,"pct":100},"statements":{"total":31,"covered":28,"skipped":0,"pct":90.32},"branches":{"total":9,"covered":8,"skipped":0,"pct":88.88}}
,"/Users/anna.yakimchuk/Projects/rayoalmar/src/hooks/useIntersectionPreload.ts": {"lines":{"total":31,"covered":31,"skipped":0,"pct":100},"functions":{"total":2,"covered":2,"skipped":0,"pct":100},"statements":{"total":31,"covered":31,"skipped":0,"pct":100},"branches":{"total":5,"covered":5,"skipped":0,"pct":100}}
,"/Users/anna.yakimchuk/Projects/rayoalmar/src/hooks/useScrollReveal.ts": {"lines":{"total":34,"covered":31,"skipped":0,"pct":91.17},"functions":{"total":2,"covered":2,"skipped":0,"pct":100},"statements":{"total":34,"covered":31,"skipped":0,"pct":91.17},"branches":{"total":8,"covered":7,"skipped":0,"pct":87.5}}
,"/Users/anna.yakimchuk/Projects/rayoalmar/src/i18n/config.ts": {"lines":{"total":30,"covered":30,"skipped":0,"pct":100},"functions":{"total":0,"covered":0,"skipped":0,"pct":100},"statements":{"total":30,"covered":30,"skipped":0,"pct":100},"branches":{"total":0,"covered":0,"skipped":0,"pct":100}}
,"/Users/anna.yakimchuk/Projects/rayoalmar/src/sections/AboutMe/AboutMe.tsx": {"lines":{"total":59,"covered":59,"skipped":0,"pct":100},"functions":{"total":1,"covered":1,"skipped":0,"pct":100},"statements":{"total":59,"covered":59,"skipped":0,"pct":100},"branches":{"total":1,"covered":1,"skipped":0,"pct":100}}
,"/Users/anna.yakimchuk/Projects/rayoalmar/src/sections/PhotoSessions/PhotoSessions.tsx": {"lines":{"total":18,"covered":18,"skipped":0,"pct":100},"functions":{"total":1,"covered":1,"skipped":0,"pct":100},"statements":{"total":18,"covered":18,"skipped":0,"pct":100},"branches":{"total":2,"covered":2,"skipped":0,"pct":100}}
,"/Users/anna.yakimchuk/Projects/rayoalmar/src/sections/Shoots/Shoots.tsx": {"lines":{"total":15,"covered":15,"skipped":0,"pct":100},"functions":{"total":1,"covered":1,"skipped":0,"pct":100},"statements":{"total":15,"covered":15,"skipped":0,"pct":100},"branches":{"total":2,"covered":2,"skipped":0,"pct":100}}
,"/Users/anna.yakimchuk/Projects/rayoalmar/src/sections/Sketchup/Sketchup.tsx": {"lines":{"total":18,"covered":18,"skipped":0,"pct":100},"functions":{"total":1,"covered":1,"skipped":0,"pct":100},"statements":{"total":18,"covered":18,"skipped":0,"pct":100},"branches":{"total":2,"covered":2,"skipped":0,"pct":100}}
,"/Users/anna.yakimchuk/Projects/rayoalmar/src/tests/fixtures/index.ts": {"lines":{"total":1,"covered":1,"skipped":0,"pct":100},"functions":{"total":0,"covered":0,"skipped":0,"pct":100},"statements":{"total":1,"covered":1,"skipped":0,"pct":100},"branches":{"total":0,"covered":0,"skipped":0,"pct":100}}
,"/Users/anna.yakimchuk/Projects/rayoalmar/src/tests/fixtures/photoSessions.ts": {"lines":{"total":26,"covered":26,"skipped":0,"pct":100},"functions":{"total":0,"covered":0,"skipped":0,"pct":100},"statements":{"total":26,"covered":26,"skipped":0,"pct":100},"branches":{"total":0,"covered":0,"skipped":0,"pct":100}}
,"/Users/anna.yakimchuk/Projects/rayoalmar/src/tests/fixtures/shoots.ts": {"lines":{"total":26,"covered":26,"skipped":0,"pct":100},"functions":{"total":0,"covered":0,"skipped":0,"pct":100},"statements":{"total":26,"covered":26,"skipped":0,"pct":100},"branches":{"total":0,"covered":0,"skipped":0,"pct":100}}
,"/Users/anna.yakimchuk/Projects/rayoalmar/src/tests/fixtures/sketchup.ts": {"lines":{"total":26,"covered":26,"skipped":0,"pct":100},"functions":{"total":0,"covered":0,"skipped":0,"pct":100},"statements":{"total":26,"covered":26,"skipped":0,"pct":100},"branches":{"total":0,"covered":0,"skipped":0,"pct":100}}
,"/Users/anna.yakimchuk/Projects/rayoalmar/src/types/content.ts": {"lines":{"total":0,"covered":0,"skipped":0,"pct":0},"functions":{"total":1,"covered":1,"skipped":0,"pct":0},"statements":{"total":0,"covered":0,"skipped":0,"pct":0},"branches":{"total":1,"covered":1,"skipped":0,"pct":0}}
,"/Users/anna.yakimchuk/Projects/rayoalmar/src/types/i18next.d.ts": {"lines":{"total":2,"covered":0,"skipped":0,"pct":0},"functions":{"total":1,"covered":0,"skipped":0,"pct":0},"statements":{"total":2,"covered":0,"skipped":0,"pct":0},"branches":{"total":1,"covered":0,"skipped":0,"pct":0}}
}
